<?xml version="1.0" encoding="UTF-8"?>
<!-- Generated by org.testng.reporters.JUnitReportReporter -->
<testsuite hostname="anand-usa" name="com.user.profiles.UserRegistrationTest" tests="2" failures="0" timestamp="24 Feb 2016 22:07:46 GMT" time="93.841" errors="0">
  <testcase name="accessToSite" time="9.392" classname="com.user.profiles.UserRegistrationTest"/>
  <testcase name="registration" time="84.449" classname="com.user.profiles.UserRegistrationTest"/>
</testsuite> <!-- com.user.profiles.UserRegistrationTest -->
