<?xml version="1.0" encoding="UTF-8"?>
<!-- Generated by org.testng.reporters.JUnitReportReporter -->
<testsuite hostname="anand-usa" name="com.user.profiles.UserRegistrationTest" tests="2" failures="0" timestamp="24 Feb 2016 06:16:19 GMT" time="106.473" errors="0">
  <testcase name="registration" time="96.717" classname="com.user.profiles.UserRegistrationTest"/>
  <testcase name="accessToSite" time="9.756" classname="com.user.profiles.UserRegistrationTest"/>
</testsuite> <!-- com.user.profiles.UserRegistrationTest -->
