<?xml version="1.0" encoding="UTF-8"?>
<!-- Generated by org.testng.reporters.JUnitReportReporter -->
<testsuite hostname="anand-usa" name="com.user.profiles.UserRegistrationTest" tests="2" failures="0" timestamp="25 Feb 2016 03:07:04 GMT" time="136.261" errors="0">
  <testcase name="accessToSite" time="11.470" classname="com.user.profiles.UserRegistrationTest"/>
  <testcase name="registration" time="124.791" classname="com.user.profiles.UserRegistrationTest"/>
</testsuite> <!-- com.user.profiles.UserRegistrationTest -->
