<?xml version="1.0" encoding="UTF-8"?>
<!-- Generated by org.testng.reporters.JUnitReportReporter -->
<testsuite hostname="anand-usa" name="com.user.profiles.RegistarionTest" tests="3" failures="0" timestamp="24 Feb 2016 05:59:24 GMT" time="30.334" errors="0">
  <testcase name="clickOnMyFav" time="7.996" classname="com.user.profiles.RegistarionTest"/>
  <testcase name="LogIn" time="15.815" classname="com.user.profiles.RegistarionTest"/>
  <testcase name="clickOnUserName" time="6.523" classname="com.user.profiles.RegistarionTest"/>
</testsuite> <!-- com.user.profiles.RegistarionTest -->
